<?xml version="1.0" encoding="UTF-8"?>
<!-- Generated by org.testng.reporters.JUnitXMLReporter -->
<testsuite hostname="DESKTOP-HKJBS28" ignored="1" name="Test" tests="2" failures="1" timestamp="2020-12-01T19:02:27 CST" time="0.111" errors="0">
  <testcase name="testcase4" time="0.01" classname="com.testng.Groupsdemo"/>
  <testcase name="testcase5" time="0.005" classname="com.testng.Groupsdemo">
    <failure type="java.lang.AssertionError" message="expected [true] but found [false]">
      <![CDATA[java.lang.AssertionError: expected [true] but found [false]
at com.testng.Groupsdemo.testcase5(Groupsdemo.java:14)
at java.util.ArrayList.forEach(Unknown Source)
... Removed 31 stack frames]]>
    </failure>
  </testcase> <!-- testcase5 -->
  <testcase name="testcase6" time="0.0" classname="com.testng.Groupsdemo">
    <ignored/>
  </testcase> <!-- testcase6 -->
</testsuite> <!-- Test -->
